\BOOKMARK [-1][-]{part.1}{\376\377\000I\000\040\000M\000L\000\050\000M\000a\000c\000h\000i\000n\000e\000\040\000L\000e\000a\000r\000n\000i\000n\000g\000\051}{}% 1
\BOOKMARK [0][-]{chapter.1}{\376\377\000L\000i\000n\000e\000a\000r\000\040\000r\000e\000g\000r\000e\000s\000s\000i\000o\000n}{part.1}% 2
\BOOKMARK [0][-]{chapter.2}{\376\377\000G\000r\000a\000d\000i\000e\000n\000t\000\040\000d\000e\000s\000c\000e\000n\000t}{part.1}% 3
\BOOKMARK [0][-]{chapter.3}{\376\377\000C\000o\000m\000p\000u\000t\000a\000t\000i\000o\000n\000a\000l\000\040\000G\000r\000a\000p\000h}{part.1}% 4
\BOOKMARK [-1][-]{part.2}{\376\377\000I\000I\000\040\000D\000L\000\050\000D\000e\000e\000p\000\040\000L\000e\000a\000r\000n\000i\000n\000g\000\051}{}% 5
\BOOKMARK [-1][-]{part.3}{\376\377\000I\000I\000I\000\040\000N\000L\000P\000\050\000N\000a\000t\000u\000r\000a\000l\000\040\000L\000a\000n\000g\000u\000a\000g\000e\000\040\000P\000r\000o\000c\000e\000s\000s\000i\000n\000g\000\051}{}% 6
\BOOKMARK [0][-]{chapter.1}{\376\377\000T\000h\000u\036\255\000t\000\040\000t\000o\000\341\000n\000\040\000t\000\341\000c\000h\000\040\000t\036\353}{part.3}% 7
\BOOKMARK [1][-]{section.1.1}{\376\377\000B\000y\000t\000e\000-\000P\000a\000i\000r\000\040\000E\000n\000c\000o\000d\000i\000n\000g\000\040\000B\000P\000E\000\050\000g\000p\000t\000\040\000d\000\371\000n\000g\000\051}{chapter.1}% 8
\BOOKMARK [1][-]{section.1.2}{\376\377\000W\000o\000r\000d\000P\000i\000e\000c\000e\000\050\000B\000E\000R\000T\000\040\000d\000\371\000n\000g\000\051}{chapter.1}% 9
\BOOKMARK [0][-]{chapter.2}{\376\377\000C\000h\000u\036\251\000n\000\040\000h\000\363\000a\000\040\000v\001\003\000n\000\040\000b\036\243\000n}{part.3}% 10
\BOOKMARK [1][-]{subsection.2.0.1}{\376\377\000T\000\341\000c\000h\000\040\000c\000\342\000u\000\050\000S\000e\000n\000t\000e\000n\000c\000e\000\040\000s\000e\000g\000m\000e\000n\000t\000a\000t\000i\000o\000n\000\051}{chapter.2}% 11
\BOOKMARK [2][-]{subsection.2.0.2}{\376\377\000T\000\341\000c\000h\000\040\000t\000o\000k\000e\000n\000\050\000t\000o\000k\000e\000n\000i\000z\000a\000t\000i\000o\000n\000\051}{subsection.2.0.1}% 12
\BOOKMARK [2][-]{subsection.2.0.3}{\376\377\000L\000e\000m\000m\000a\000t\000i\000z\000a\000i\000o\000n}{subsection.2.0.1}% 13
\BOOKMARK [2][-]{subsection.2.0.4}{\376\377\000S\000t\000e\000m\000m\000i\000n\000g}{subsection.2.0.1}% 14
\BOOKMARK [2][-]{subsection.2.0.5}{\376\377\000L\036\315\000c\000\040\000s\000t\000o\000p\000\040\000w\000o\000r\000d\000s}{subsection.2.0.1}% 15
\BOOKMARK [2][-]{subsection.2.0.6}{\376\377\000S\036\355\000a\000\040\000s\000a\000i\000\040\000t\036\353\000\050\000w\000o\000r\000d\000\040\000c\000o\000r\000r\000e\000c\000t\000i\000o\000n\000\051\000\040}{subsection.2.0.1}% 16
\BOOKMARK [1][-]{section.2.1}{\376\377\000B\000\340\000i\000\040\000t\000o\000\341\000n}{chapter.2}% 17
\BOOKMARK [2][-]{subsection.2.1.1}{\376\377\000B\000\340\000i\000\040\000t\000o\000\341\000n\000\040\000s\000i\000n\000h\000\040\000t\036\353\000\050\000t\000e\000x\000t\000\040\000G\000e\000n\000e\000r\000a\000t\000i\000o\000n\000\051}{section.2.1}% 18
\BOOKMARK [2][-]{subsection.2.1.2}{\376\377\000B\000\340\000i\000\040\000t\000o\000\341\000n\000\040\000p\000h\000\342\000n\000\040\000l\000o\036\241\000i\000\040\000c\036\243\000n\000\040\000x\000\372\000c\000\050\000S\000e\000n\000t\000i\000m\000e\000n\000t\000\040\000C\000l\000a\000s\000s\000i\000f\000i\000c\000a\000t\000i\000o\000n\000\051}{section.2.1}% 19
\BOOKMARK [1][-]{section.2.2}{\376\377\000L\000\340\000m\000\040\000v\000i\036\307\000c\000\040\000v\036\333\000i\000\040\000T\000i\036\277\000n\000g\000\040\000V\000i\036\307\000t}{chapter.2}% 20
\BOOKMARK [2][-]{subsection.2.2.1}{\376\377\000s\000p\000a\000c\000y\000\040\000c\000h\000o\000\040\000T\000i\036\277\000n\000g\000\040\000V\000i\036\307\000t\000\040\000:}{section.2.2}% 21
\BOOKMARK [2][-]{subsection.2.2.2}{\376\377\000T\000h\001\260\000\040\000v\000i\036\307\000n\000\040\000u\000n\000d\000e\000r\000t\000h\000e\000s\000e\000a}{section.2.2}% 22
\BOOKMARK [0][-]{chapter.3}{\376\377\000C\000\341\000c\000\040\000t\000h\000u\036\255\000t\000\040\000t\000o\000\341\000n\000\040\000t\000r\000a\000n\000i\000n\000g}{part.3}% 23
\BOOKMARK [1][-]{section.3.1}{\376\377\000S\000t\000o\000c\000h\000a\000s\000t\000i\000c\000\040\000g\000r\000a\000d\000i\000e\000n\000t\000\040\000d\000e\000s\000c\000e\000n\000t\000\050\000S\000G\000D\000\051}{chapter.3}% 24
\BOOKMARK [1][-]{section.3.2}{\376\377\000A\000d\000a\000g\000r\000a\000d}{chapter.3}% 25
\BOOKMARK [2][-]{subsection.3.2.1}{\376\377\000A\000d\000a\000d\000e\000l\000t\000a}{section.3.2}% 26
\BOOKMARK [1][-]{section.3.3}{\376\377\000A\000d\000a\000m\000\040\000\050\000A\000d\000a\000p\000t\000i\000v\000e\000\040\000M\000o\000m\000e\000n\000t\000\040\000E\000s\000t\000i\000m\000a\000t\000i\000o\000n\000\051}{chapter.3}% 27
\BOOKMARK [0][-]{chapter.4}{\376\377\000V\000e\000c\000t\000o\000r\000\040\000S\000e\000m\000a\000n\000t\000i\000c\000s\000\040\000v\000\340\000\040\000E\000m\000b\000e\000d\000d\000i\000n\000g\000s}{part.3}% 28
\BOOKMARK [1][-]{section.4.1}{\376\377\000V\000e\000c\000t\000o\000r\000\040\000S\000e\000m\000a\000n\000t\000i\000c\000s}{chapter.4}% 29
\BOOKMARK [2][-]{subsection.4.1.1}{\376\377\000V\000e\000c\000t\000o\000r\000\040\000n\000g\036\357\000\040\000n\000g\000h\001\051\000a\000\040\000\050\000S\000e\000m\000a\000n\000t\000i\000c\000\040\000v\000e\000c\000t\000o\000r\000\051}{section.4.1}% 30
\BOOKMARK [1][-]{section.4.2}{\376\377\000E\000m\000b\000e\000d\000d\000i\000n\000g\000s}{chapter.4}% 31
\BOOKMARK [2][-]{subsection.4.2.1}{\376\377\000W\000o\000r\000d\0002\000v\000e\000c}{section.4.2}% 32
\BOOKMARK [2][-]{subsection.4.2.2}{\376\377\000C\000o\000n\000t\000i\000n\000u\000o\000u\000s\000\040\000B\000a\000g\000\040\000O\000f\000\040\000W\000o\000r\000d\000s\000\050\000C\000B\000O\000W\000\051}{section.4.2}% 33
\BOOKMARK [2][-]{subsection.4.2.3}{\376\377\000S\000k\000i\000p\000G\000r\000a\000m}{section.4.2}% 34
\BOOKMARK [2][-]{subsection.4.2.4}{\376\377\000G\000l\000o\000v\000e\000\050\000G\000l\000o\000b\000a\000l\000\040\000V\000e\000c\000t\000o\000r\000s\000\040\000f\000o\000r\000\040\000W\000o\000r\000d\000\040\000R\000e\000p\000r\000e\000s\000e\000n\000t\000a\000t\000i\000o\000n\000\051}{section.4.2}% 35
\BOOKMARK [2][-]{subsection.4.2.5}{\376\377\000F\000a\000s\000t\000\040\000t\000e\000s\000t}{section.4.2}% 36
\BOOKMARK [2][-]{subsection.4.2.6}{\376\377\000H\000i\000e\000r\000a\000r\000c\000h\000i\000c\000a\000l\000\040\000s\000o\000f\000t\000m\000a\000x}{section.4.2}% 37
\BOOKMARK [0][-]{chapter.5}{\376\377\000M\000\364\000\040\000h\000\354\000n\000h\000\040\000n\000g\000\364\000n\000\040\000n\000g\036\357\000\050\000l\000a\000n\000g\000u\000a\000g\000e\000\040\000m\000o\000d\000e\000l\000\051}{part.3}% 38
\BOOKMARK [1][-]{section.5.1}{\376\377\000R\000N\000N\000\050\000R\000e\000c\000u\000r\000r\000e\000n\000t\000\040\000N\000e\000u\000r\000a\000l\000\040\000N\000e\000t\000w\000o\000r\000k\000\051}{chapter.5}% 39
\BOOKMARK [1][-]{section.5.2}{\376\377\000L\000S\000T\000M\000\040\000\050\000L\000o\000n\000g\000\040\000s\000h\000o\000r\000t\000-\000t\000e\000r\000m\000\040\000m\000e\000m\000o\000r\000y\000\051}{chapter.5}% 40
\BOOKMARK [1][-]{section.5.3}{\376\377\000G\000R\000U\000\050\000G\000a\000t\000e\000d\000\040\000R\000e\000c\000u\000r\000r\000e\000n\000t\000\040\000U\000n\000i\000t\000\051}{chapter.5}% 41
\BOOKMARK [1][-]{section.5.4}{\376\377\000B\000i\000d\000i\000r\000e\000c\000t\000i\000o\000n\000a\000l\000\040\000R\000N\000N}{chapter.5}% 42
\BOOKMARK [1][-]{section.5.5}{\376\377\000D\000e\000e\000p\000\040\000R\000N\000N}{chapter.5}% 43
\BOOKMARK [0][-]{chapter.6}{\376\377\000M\000a\000c\000h\000i\000n\000e\000\040\000T\000r\000a\000n\000s\000l\000a\000t\000i\000o\000n\000\040\000a\000n\000d\000\040\000A\000t\000t\000e\000n\000t\000i\000o\000n}{part.3}% 44
\BOOKMARK [1][-]{section.6.1}{\376\377\000B\000\340\000i\000\040\000t\000o\000\341\000n\000\040\000d\036\313\000c\000h\000\040\000m\000\341\000y}{chapter.6}% 45
\BOOKMARK [2][-]{subsection.6.1.1}{\376\377\000M\000\364\000\040\000h\000\354\000n\000h\000\040\000d\036\313\000c\000h\000\040\000m\000\341\000y\000\040\000t\000h\036\321\000n\000g\000\040\000k\000\352\000\050\000S\000t\000a\000t\000i\000t\000i\000c\000\040\000M\000a\000c\000h\000i\000n\000e\000\040\000T\000r\000a\000n\000s\000l\000a\000t\000i\000o\000n\000\051}{section.6.1}% 46
\BOOKMARK [2][-]{subsection.6.1.2}{\376\377\000D\036\313\000c\000h\000\040\000m\000\341\000y\000\040\000d\000\371\000n\000g\000\040\000m\036\241\000n\000g\000\040\000n\001\241\000\040\000r\000o\000n\000\050\000N\000e\000u\000r\000a\000l\000\040\000T\000r\000a\000n\000s\000l\000a\000t\000e\000\040\000M\000a\000c\000h\000i\000n\000e\000\051}{section.6.1}% 47
\BOOKMARK [1][-]{section.6.2}{\376\377\000C\001\241\000\040\000c\000h\036\277\000\040\000A\000t\000t\000e\000n\000t\000i\000o\000n}{chapter.6}% 48
\BOOKMARK [1][-]{section.6.3}{\376\377\000B\000l\000e\000u\000\040\000s\000c\000o\000r\000e\000s}{chapter.6}% 49
\BOOKMARK [1][-]{section.6.4}{\376\377\000S\000e\000l\000f\000-\000A\000t\000t\000e\000n\000t\000i\000o\000n}{chapter.6}% 50
\BOOKMARK [1][-]{section.6.5}{\376\377\000C\000r\000o\000s\000s\000-\000A\000t\000t\000e\000n\000t\000i\000o\000n}{chapter.6}% 51
\BOOKMARK [0][-]{chapter.7}{\376\377\000T\000r\000a\000n\000s\000f\000o\000r\000m\000e\000r}{part.3}% 52
\BOOKMARK [1][-]{section.7.1}{\376\377\000T\000r\000a\000n\000s\000f\000o\000r\000m\000e\000r\000\040\000E\000n\000c\000o\000d\000e\000r}{chapter.7}% 53
\BOOKMARK [2][-]{subsection.7.1.1}{\376\377\000P\000o\000s\000i\000t\000i\000o\000n\000a\000l\000\040\000E\000n\000c\000o\000d\000i\000n\000g\000s}{section.7.1}% 54
\BOOKMARK [2][-]{subsection.7.1.2}{\376\377\000S\000i\000n\000u\000s\000o\000i\000d}{section.7.1}% 55
\BOOKMARK [2][-]{subsection.7.1.3}{\376\377\000S\000c\000a\000l\000e\000d\000\040\000d\000o\000t\000\040\000p\000r\000o\000d\000u\000c\000t\000\040\000a\000t\000t\000e\000n\000t\000i\000o\000n}{section.7.1}% 56
\BOOKMARK [2][-]{subsection.7.1.4}{\376\377\000M\000u\000l\000t\000i\000-\000h\000e\000a\000d\000e\000d\000\040\000A\000t\000t\000e\000n\000t\000i\000o\000n}{section.7.1}% 57
\BOOKMARK [2][-]{subsection.7.1.5}{\376\377\000A\000d\000d\000\040\000\046\000\040\000N\000o\000r\000m}{section.7.1}% 58
\BOOKMARK [2][-]{subsection.7.1.6}{\376\377\000R\000e\000s\000i\000d\000u\000a\000l\000\040\000L\000a\000y\000e\000r\000\050\000s\000k\000i\000p\000\040\000c\000o\000n\000n\000e\000c\000t\000i\000o\000n\000\051}{section.7.1}% 59
\BOOKMARK [2][-]{subsection.7.1.7}{\376\377\000F\000e\000e\000d\000\040\000F\000o\000r\000w\000a\000r\000d}{section.7.1}% 60
\BOOKMARK [1][-]{section.7.2}{\376\377\000T\000r\000a\000n\000s\000f\000o\000r\000m\000e\000r\000\040\000D\000e\000c\000o\000d\000e\000r}{chapter.7}% 61
\BOOKMARK [2][-]{subsection.7.2.1}{\376\377\000D\000e\000c\000o\000d\000e\000r\000\040\000T\000r\000a\000i\000n\000i\000n\000g}{section.7.2}% 62
\BOOKMARK [2][-]{subsection.7.2.2}{\376\377\000D\000e\000c\000o\000d\000e\000r\000\040\000I\000n\000f\000e\000r\000e\000n\000c\000e}{section.7.2}% 63
\BOOKMARK [2][-]{subsection.7.2.3}{\376\377\000L\000o\000o\000k\000\040\000A\000h\000e\000a\000d\000\040\000M\000a\000s\000k}{section.7.2}% 64
\BOOKMARK [2][-]{subsection.7.2.4}{\376\377\000G\000P\000T}{section.7.2}% 65
\BOOKMARK [0][-]{chapter.8}{\376\377\000B\000E\000R\000T\000\050\000B\000i\000d\000i\000r\000e\000c\000t\000i\000o\000n\000a\000l\000\040\000E\000n\000c\000o\000d\000e\000r\000\040\000R\000e\000p\000r\000e\000s\000e\000n\000t\000a\000t\000i\000o\000n\000s\000\040\000f\000r\000o\000m\000\040\000T\000r\000a\000n\000s\000f\000o\000r\000m\000e\000r\000s\000\051}{part.3}% 66
\BOOKMARK [1][-]{section.8.1}{\376\377\000T\000o\000k\000e\000n\000i\000z\000i\000n\000g\000\040\000a\000n\000d\000\040\000r\000e\000p\000e\000r\000e\000s\000e\000n\000t\000a\000t\000i\000o\000n}{chapter.8}% 67
\BOOKMARK [1][-]{section.8.2}{\376\377\000F\000i\000n\000e\000-\000t\000u\000n\000i\000n\000g\000\040\000B\000E\000R\000T\000\040\000o\000n\000\040\000D\000i\000f\000f\000e\000r\000e\000n\000c\000e\000\040\000T\000a\000s\000k\000s}{chapter.8}% 68
\BOOKMARK [2][-]{subsection.8.2.1}{\376\377\000F\000i\000n\000e\000-\000t\000u\000n\000e\000\040\000o\000n\000\040\000t\000h\000e\000\040\000s\000e\000n\000t\000e\000n\000c\000e\000\040\000p\000a\000i\000r\000\040\000p\000r\000o\000b\000l\000e\000m}{section.8.2}% 69
\BOOKMARK [2][-]{subsection.8.2.2}{\376\377\000F\000i\000n\000e\000-\000T\000u\000n\000e\000\040\000o\000n\000\040\000t\000h\000e\000\040\000s\000e\000n\000t\000e\000n\000c\000e\000\040\000p\000a\000i\000r\000\040\000p\000r\000o\000b\000l\000e\000m}{section.8.2}% 70
\BOOKMARK [2][-]{subsection.8.2.3}{\376\377\000F\000i\000n\000e\000-\000t\000u\000n\000e\000\040\000o\000n\000\040\000t\000h\000e\000\040\000s\000e\000n\000t\000e\000n\000c\000e\000\040\000c\000l\000a\000s\000s\000i\000f\000i\000c\000a\000t\000i\000o\000n\000\040\000p\000r\000o\000b\000l\000e\000m}{section.8.2}% 71
\BOOKMARK [2][-]{subsection.8.2.4}{\376\377\000F\000i\000n\000e\000-\000t\000u\000n\000e\000\040\000o\000n\000\040\000t\000h\000e\000\040\000q\000u\000e\000s\000t\000i\000o\000n\000\040\000a\000n\000s\000w\000e\000r\000i\000n\000g\000\040\000p\000r\000o\000b\000l\000e\000m}{section.8.2}% 72
\BOOKMARK [2][-]{subsection.8.2.5}{\376\377\000F\000i\000n\000e\000-\000t\000u\000n\000e\000\040\000o\000n\000\040\000t\000h\000e\000\040\000t\000o\000k\000e\000n\000\040\000c\000l\000a\000s\000s\000i\000f\000i\000c\000a\000t\000i\000o\000n\000\040\000p\000r\000o\000b\000l\000e\000m}{section.8.2}% 73
\BOOKMARK [0][-]{chapter.9}{\376\377\000T\0005\000\050\000T\000h\000e\000\040\000T\000e\000x\000t\000-\000T\000o\000-\000T\000e\000x\000t\000\040\000T\000r\000a\000n\000s\000f\000e\000r\000\040\000T\000r\000a\000n\000s\000f\000o\000r\000m\000e\000r\000\051}{part.3}% 74
\BOOKMARK [0][-]{chapter.10}{\376\377\000T\000r\000a\000n\000s\000f\000o\000r\000m\000e\000r\000\040\000A\000v\000a\000n\000c\000e\000d}{part.3}% 75
\BOOKMARK [0][-]{chapter.11}{\376\377\000S\000M\000T\000\040\000S\000t\000a\000t\000i\000t\000i\000c\000\040\000M\000a\000c\000h\000i\000n\000e\000\040\000T\000r\000a\000n\000s\000l\000a\000t\000e}{part.3}% 76
\BOOKMARK [0][-]{chapter.12}{\376\377\000L\000L\000M\000\040\000L\000a\000r\000g\000e\000\040\000L\000a\000n\000g\000u\000a\000g\000e\000\040\000M\000o\000d\000e\000l\000s}{part.3}% 77
\BOOKMARK [-1][-]{part.4}{\376\377\000I\000V\000\040\000A\000p\000p\000l\000i\000c\000a\000t\000i\000o\000n}{}% 78
\BOOKMARK [0][-]{chapter.1}{\376\377\000\040\000T\000r\000u\000y\000\040\000v\036\245\000n\000\040\000t\000h\000\364\000n\000g\000\040\000t\000i\000n\000\040\000\050\000I\000n\000f\000o\000r\000m\000a\000t\000i\000o\000n\000\040\000R\000e\000t\000r\000i\000e\000v\000a\000l\000\051}{part.4}% 79
\BOOKMARK [0][-]{chapter.2}{\376\377\000R\000A\000G\000\040\000\050\000R\000e\000t\000r\000i\000e\000v\000a\000l\000\040\000A\000u\000g\000m\000e\000n\000t\000e\000d\000\040\000G\000e\000n\000e\000r\000a\000t\000i\000o\000n\000\051}{part.4}% 80
\BOOKMARK [0][-]{chapter.3}{\376\377\000A\000I\000\040\000A\000g\000e\000n\000t}{part.4}% 81
\BOOKMARK [1][-]{section.3.1}{\376\377\000R\000e\000i\000n\000f\000o\000r\000c\000e\000m\000e\000n\000t\000\040\000L\000e\000a\000r\000n\000i\000n\000g\000\040}{chapter.3}% 82
\BOOKMARK [1][-]{section.3.2}{\376\377\000R\000e\000a\000c\000t}{chapter.3}% 83
\BOOKMARK [1][-]{section.3.3}{\376\377\000P\000r\000o\000m\000p\000t}{chapter.3}% 84
\BOOKMARK [2][-]{subsection.3.3.1}{\376\377\000P\000r\000o\000m\000p\000t\000\040\000E\000l\000e\000m\000e\000n\000t}{section.3.3}% 85
\BOOKMARK [1][-]{section.3.4}{\376\377\000F\000u\000n\000t\000i\000o\000n\000\040\000c\000a\000l\000l\000i\000n\000g}{chapter.3}% 86
\BOOKMARK [1][-]{section.3.5}{\376\377\001\020\036\313\000n\000h\000\040\000n\000g\000h\001\051\000a\000\040\000v\036\301\000\040\000A\000I\000\040\000A\000g\000e\000n\000t}{chapter.3}% 87
